\BOOKMARK [0][-]{chapter.1}{\376\377\000I\000n\000t\000r\000o\000d\000u\000c\000c\000i\000\363\000n}{}% 1
\BOOKMARK [1][-]{section.1.1}{\376\377\000A\000n\000t\000e\000c\000e\000d\000e\000n\000t\000e\000s}{chapter.1}% 2
\BOOKMARK [2][-]{subsection.1.1.1}{\376\377\000V\000e\000n\000t\000a\000j\000a\000s\000\040\000d\000e\000l\000\040\000I\000o\000T}{section.1.1}% 3
\BOOKMARK [2][-]{subsection.1.1.2}{\376\377\000B\000o\000y\000a\000\040\000H\000o\000l\000b\000o\000x\000-\000M\000\351\000x\000i\000c\000o}{section.1.1}% 4
\BOOKMARK [1][-]{section.1.2}{\376\377\000D\000e\000f\000i\000n\000i\000c\000i\000\363\000n\000\040\000d\000e\000l\000\040\000p\000r\000o\000b\000l\000e\000m\000a}{chapter.1}% 5
\BOOKMARK [1][-]{section.1.3}{\376\377\000J\000u\000s\000t\000i\000f\000i\000c\000a\000c\000i\000\363\000n}{chapter.1}% 6
\BOOKMARK [1][-]{section.1.4}{\376\377\000O\000b\000j\000e\000t\000i\000v\000o\000s}{chapter.1}% 7
\BOOKMARK [2][-]{subsection.1.4.1}{\376\377\000O\000b\000j\000e\000t\000i\000v\000o\000\040\000g\000e\000n\000e\000r\000a\000l}{section.1.4}% 8
\BOOKMARK [2][-]{subsection.1.4.2}{\376\377\000O\000b\000j\000e\000t\000i\000v\000o\000s\000\040\000e\000s\000p\000e\000c\000i\000f\000i\000c\000o\000s}{section.1.4}% 9
\BOOKMARK [0][-]{chapter.2}{\376\377\000M\000a\000r\000c\000o\000\040\000T\000e\000\363\000r\000i\000c\000o}{}% 10
\BOOKMARK [1][-]{section.2.1}{\376\377\000B\000o\000y\000a\000s\000\040\000O\000c\000e\000a\000n\000o\000g\000r\000\341\000f\000i\000c\000a\000s}{chapter.2}% 11
\BOOKMARK [1][-]{section.2.2}{\376\377\000T\000i\000p\000o\000s\000\040\000d\000e\000\040\000b\000o\000y\000a\000s}{chapter.2}% 12
\BOOKMARK [1][-]{section.2.3}{\376\377\000V\000a\000r\000i\000a\000b\000l\000e\000s\000\040\000M\000e\000t\000e\000o\000r\000o\000l\000o\000g\000i\000c\000a\000s}{chapter.2}% 13
\BOOKMARK [2][-]{subsection.2.3.1}{\376\377\000\040\000V\000i\000e\000n\000t\000o}{section.2.3}% 14
\BOOKMARK [2][-]{subsection.2.3.2}{\376\377\000T\000e\000m\000p\000e\000r\000a\000t\000u\000r\000a\000\040\000d\000e\000l\000\040\000a\000i\000r\000e}{section.2.3}% 15
\BOOKMARK [1][-]{section.2.4}{\376\377\000V\000a\000r\000i\000a\000b\000l\000e\000s\000\040\000O\000c\000e\000a\000n\000o\000g\000r\000\341\000f\000i\000c\000a\000s}{chapter.2}% 16
\BOOKMARK [2][-]{subsection.2.4.1}{\376\377\000T\000e\000m\000p\000e\000r\000a\000t\000u\000r\000a\000\040\000d\000e\000l\000\040\000a\000g\000u\000a}{section.2.4}% 17
\BOOKMARK [2][-]{subsection.2.4.2}{\376\377\000O\000x\000\355\000g\000e\000n\000o\000\040\000d\000i\000s\000u\000e\000l\000t\000o}{section.2.4}% 18
\BOOKMARK [2][-]{subsection.2.4.3}{\376\377\000T\000u\000r\000b\000i\000d\000e\000z}{section.2.4}% 19
\BOOKMARK [1][-]{section.2.5}{\376\377\000T\000e\000c\000n\000o\000l\000o\000g\000\355\000a\000\040\000Z\000i\000g\000f\000o\000x}{chapter.2}% 20
\BOOKMARK [2][-]{subsection.2.5.1}{\376\377\000C\000a\000r\000a\000c\000t\000e\000r\000\355\000s\000t\000i\000c\000a\000s\000\040\000d\000e\000\040\000S\000i\000g\000f\000o\000x}{section.2.5}% 21
\BOOKMARK [2][-]{subsection.2.5.2}{\376\377\000M\000o\000d\000o\000\040\000d\000e\000\040\000O\000p\000e\000r\000a\000c\000i\000\363\000n\000\040\000d\000e\000\040\000S\000i\000g\000f\000o\000x}{section.2.5}% 22
\BOOKMARK [2][-]{subsection.2.5.3}{\376\377\000C\000o\000b\000e\000r\000t\000u\000r\000a\000\040\000S\000i\000g\000f\000o\000x\000\040\000e\000n\000\040\000M\000a\000n\000z\000a\000n\000i\000l\000l\000o}{section.2.5}% 23
\BOOKMARK [2][-]{subsection.2.5.4}{\376\377\000B\000a\000c\000k\000e\000n\000d\000\040\000d\000e\000\040\000S\000i\000g\000f\000o\000x}{section.2.5}% 24
\BOOKMARK [2][-]{subsection.2.5.5}{\376\377\000C\000o\000n\000e\000c\000t\000i\000v\000i\000d\000a\000d\000\040\000d\000e\000\040\000E\000n\000l\000a\000c\000e\000\040\000A\000s\000c\000e\000n\000d\000e\000n\000t\000e}{section.2.5}% 25
\BOOKMARK [2][-]{subsection.2.5.6}{\376\377\000P\000e\000q\000u\000e\000\361\000a\000\040\000c\000a\000r\000g\000a\000\040\000U\000t\000i\000l\000\040}{section.2.5}% 26
\BOOKMARK [2][-]{subsection.2.5.7}{\376\377\000M\000o\000d\000u\000l\000a\0